<?xml version="1.0" encoding="UTF-8"?>
<!-- Generated by org.testng.reporters.JUnitReportReporter -->
<testsuite hostname="DESKTOP-S5GFN4V" failures="0" tests="1" name="test.AddCustomerTest" time="13.632" errors="0" timestamp="2021-08-21T13:17:22 EDT" skipped="0">
  <testcase classname="test.AddCustomerTest" name="validUserShouldBeAbleToAddCustomerOnListCustomerPage" time="13.632"/>
  <system-out/>
</testsuite> <!-- test.AddCustomerTest -->
