<?xml version="1.0" encoding="UTF-8"?>
<!-- Generated by org.testng.reporters.JUnitReportReporter -->
<testsuite hostname="DESKTOP-S5GFN4V" failures="0" tests="1" name="test.LoginTest" time="4.138" errors="0" timestamp="2021-08-21T10:43:27 EDT" skipped="0">
  <testcase classname="test.LoginTest" name="validUsersShouldBeAbleToLogin" time="4.138"/>
  <system-out/>
</testsuite> <!-- test.LoginTest -->
